<?xml version="1.0" encoding="UTF-8"?>
<!-- Generated by org.testng.reporters.JUnitReportReporter -->
<testsuite hostname="HDC3-L-PW075YX2" failures="0" tests="1" name="extentreports.extentreports.ExtentReportDemo" time="20.602" errors="0" timestamp="2024-12-31T08:11:18 IST" skipped="0">
  <testcase classname="extentreports.extentreports.ExtentReportDemo" name="initialDriver" time="20.602"/>
</testsuite> <!-- extentreports.extentreports.ExtentReportDemo -->
